############################################################
# group name of the atoms under study      : all
# total number of atoms in the group       : 512
# dimension of the system                  : 3 D
# number of atoms per unit cell            : 1
# dimension of the FFT mesh                : 8 x 8 x 8
# number of wait steps before measurement  : 500000
# frequency of the measurement             : 10
# output result after this many measurement: 50000
# number of processors used by this run    : 1
############################################################
# mapping information between lattice indices and atom id
# nx ny nz nucell
8 8 8 1
# l1 l2 l3 k atom_id
0 0 0 0 1
0 0 1 0 65
0 0 2 0 129
0 0 3 0 193
0 0 4 0 257
0 0 5 0 321
0 0 6 0 385
0 0 7 0 449
0 1 0 0 9
0 1 1 0 73
0 1 2 0 137
0 1 3 0 201
0 1 4 0 265
0 1 5 0 329
0 1 6 0 393
0 1 7 0 457
0 2 0 0 17
0 2 1 0 81
0 2 2 0 145
0 2 3 0 209
0 2 4 0 273
0 2 5 0 337
0 2 6 0 401
0 2 7 0 465
0 3 0 0 25
0 3 1 0 89
0 3 2 0 153
0 3 3 0 217
0 3 4 0 281
0 3 5 0 345
0 3 6 0 409
0 3 7 0 473
0 4 0 0 33
0 4 1 0 97
0 4 2 0 161
0 4 3 0 225
0 4 4 0 289
0 4 5 0 353
0 4 6 0 417
0 4 7 0 481
0 5 0 0 41
0 5 1 0 105
0 5 2 0 169
0 5 3 0 233
0 5 4 0 297
0 5 5 0 361
0 5 6 0 425
0 5 7 0 489
0 6 0 0 49
0 6 1 0 113
0 6 2 0 177
0 6 3 0 241
0 6 4 0 305
0 6 5 0 369
0 6 6 0 433
0 6 7 0 497
0 7 0 0 57
0 7 1 0 121
0 7 2 0 185
0 7 3 0 249
0 7 4 0 313
0 7 5 0 377
0 7 6 0 441
0 7 7 0 505
1 0 0 0 2
1 0 1 0 66
1 0 2 0 130
1 0 3 0 194
1 0 4 0 258
1 0 5 0 322
1 0 6 0 386
1 0 7 0 450
1 1 0 0 10
1 1 1 0 74
1 1 2 0 138
1 1 3 0 202
1 1 4 0 266
1 1 5 0 330
1 1 6 0 394
1 1 7 0 458
1 2 0 0 18
1 2 1 0 82
1 2 2 0 146
1 2 3 0 210
1 2 4 0 274
1 2 5 0 338
1 2 6 0 402
1 2 7 0 466
1 3 0 0 26
1 3 1 0 90
1 3 2 0 154
1 3 3 0 218
1 3 4 0 282
1 3 5 0 346
1 3 6 0 410
1 3 7 0 474
1 4 0 0 34
1 4 1 0 98
1 4 2 0 162
1 4 3 0 226
1 4 4 0 290
1 4 5 0 354
1 4 6 0 418
1 4 7 0 482
1 5 0 0 42
1 5 1 0 106
1 5 2 0 170
1 5 3 0 234
1 5 4 0 298
1 5 5 0 362
1 5 6 0 426
1 5 7 0 490
1 6 0 0 50
1 6 1 0 114
1 6 2 0 178
1 6 3 0 242
1 6 4 0 306
1 6 5 0 370
1 6 6 0 434
1 6 7 0 498
1 7 0 0 58
1 7 1 0 122
1 7 2 0 186
1 7 3 0 250
1 7 4 0 314
1 7 5 0 378
1 7 6 0 442
1 7 7 0 506
2 0 0 0 3
2 0 1 0 67
2 0 2 0 131
2 0 3 0 195
2 0 4 0 259
2 0 5 0 323
2 0 6 0 387
2 0 7 0 451
2 1 0 0 11
2 1 1 0 75
2 1 2 0 139
2 1 3 0 203
2 1 4 0 267
2 1 5 0 331
2 1 6 0 395
2 1 7 0 459
2 2 0 0 19
2 2 1 0 83
2 2 2 0 147
2 2 3 0 211
2 2 4 0 275
2 2 5 0 339
2 2 6 0 403
2 2 7 0 467
2 3 0 0 27
2 3 1 0 91
2 3 2 0 155
2 3 3 0 219
2 3 4 0 283
2 3 5 0 347
2 3 6 0 411
2 3 7 0 475
2 4 0 0 35
2 4 1 0 99
2 4 2 0 163
2 4 3 0 227
2 4 4 0 291
2 4 5 0 355
2 4 6 0 419
2 4 7 0 483
2 5 0 0 43
2 5 1 0 107
2 5 2 0 171
2 5 3 0 235
2 5 4 0 299
2 5 5 0 363
2 5 6 0 427
2 5 7 0 491
2 6 0 0 51
2 6 1 0 115
2 6 2 0 179
2 6 3 0 243
2 6 4 0 307
2 6 5 0 371
2 6 6 0 435
2 6 7 0 499
2 7 0 0 59
2 7 1 0 123
2 7 2 0 187
2 7 3 0 251
2 7 4 0 315
2 7 5 0 379
2 7 6 0 443
2 7 7 0 507
3 0 0 0 4
3 0 1 0 68
3 0 2 0 132
3 0 3 0 196
3 0 4 0 260
3 0 5 0 324
3 0 6 0 388
3 0 7 0 452
3 1 0 0 12
3 1 1 0 76
3 1 2 0 140
3 1 3 0 204
3 1 4 0 268
3 1 5 0 332
3 1 6 0 396
3 1 7 0 460
3 2 0 0 20
3 2 1 0 84
3 2 2 0 148
3 2 3 0 212
3 2 4 0 276
3 2 5 0 340
3 2 6 0 404
3 2 7 0 468
3 3 0 0 28
3 3 1 0 92
3 3 2 0 156
3 3 3 0 220
3 3 4 0 284
3 3 5 0 348
3 3 6 0 412
3 3 7 0 476
3 4 0 0 36
3 4 1 0 100
3 4 2 0 164
3 4 3 0 228
3 4 4 0 292
3 4 5 0 356
3 4 6 0 420
3 4 7 0 484
3 5 0 0 44
3 5 1 0 108
3 5 2 0 172
3 5 3 0 236
3 5 4 0 300
3 5 5 0 364
3 5 6 0 428
3 5 7 0 492
3 6 0 0 52
3 6 1 0 116
3 6 2 0 180
3 6 3 0 244
3 6 4 0 308
3 6 5 0 372
3 6 6 0 436
3 6 7 0 500
3 7 0 0 60
3 7 1 0 124
3 7 2 0 188
3 7 3 0 252
3 7 4 0 316
3 7 5 0 380
3 7 6 0 444
3 7 7 0 508
4 0 0 0 5
4 0 1 0 69
4 0 2 0 133
4 0 3 0 197
4 0 4 0 261
4 0 5 0 325
4 0 6 0 389
4 0 7 0 453
4 1 0 0 13
4 1 1 0 77
4 1 2 0 141
4 1 3 0 205
4 1 4 0 269
4 1 5 0 333
4 1 6 0 397
4 1 7 0 461
4 2 0 0 21
4 2 1 0 85
4 2 2 0 149
4 2 3 0 213
4 2 4 0 277
4 2 5 0 341
4 2 6 0 405
4 2 7 0 469
4 3 0 0 29
4 3 1 0 93
4 3 2 0 157
4 3 3 0 221
4 3 4 0 285
4 3 5 0 349
4 3 6 0 413
4 3 7 0 477
4 4 0 0 37
4 4 1 0 101
4 4 2 0 165
4 4 3 0 229
4 4 4 0 293
4 4 5 0 357
4 4 6 0 421
4 4 7 0 485
4 5 0 0 45
4 5 1 0 109
4 5 2 0 173
4 5 3 0 237
4 5 4 0 301
4 5 5 0 365
4 5 6 0 429
4 5 7 0 493
4 6 0 0 53
4 6 1 0 117
4 6 2 0 181
4 6 3 0 245
4 6 4 0 309
4 6 5 0 373
4 6 6 0 437
4 6 7 0 501
4 7 0 0 61
4 7 1 0 125
4 7 2 0 189
4 7 3 0 253
4 7 4 0 317
4 7 5 0 381
4 7 6 0 445
4 7 7 0 509
5 0 0 0 6
5 0 1 0 70
5 0 2 0 134
5 0 3 0 198
5 0 4 0 262
5 0 5 0 326
5 0 6 0 390
5 0 7 0 454
5 1 0 0 14
5 1 1 0 78
5 1 2 0 142
5 1 3 0 206
5 1 4 0 270
5 1 5 0 334
5 1 6 0 398
5 1 7 0 462
5 2 0 0 22
5 2 1 0 86
5 2 2 0 150
5 2 3 0 214
5 2 4 0 278
5 2 5 0 342
5 2 6 0 406
5 2 7 0 470
5 3 0 0 30
5 3 1 0 94
5 3 2 0 158
5 3 3 0 222
5 3 4 0 286
5 3 5 0 350
5 3 6 0 414
5 3 7 0 478
5 4 0 0 38
5 4 1 0 102
5 4 2 0 166
5 4 3 0 230
5 4 4 0 294
5 4 5 0 358
5 4 6 0 422
5 4 7 0 486
5 5 0 0 46
5 5 1 0 110
5 5 2 0 174
5 5 3 0 238
5 5 4 0 302
5 5 5 0 366
5 5 6 0 430
5 5 7 0 494
5 6 0 0 54
5 6 1 0 118
5 6 2 0 182
5 6 3 0 246
5 6 4 0 310
5 6 5 0 374
5 6 6 0 438
5 6 7 0 502
5 7 0 0 62
5 7 1 0 126
5 7 2 0 190
5 7 3 0 254
5 7 4 0 318
5 7 5 0 382
5 7 6 0 446
5 7 7 0 510
6 0 0 0 7
6 0 1 0 71
6 0 2 0 135
6 0 3 0 199
6 0 4 0 263
6 0 5 0 327
6 0 6 0 391
6 0 7 0 455
6 1 0 0 15
6 1 1 0 79
6 1 2 0 143
6 1 3 0 207
6 1 4 0 271
6 1 5 0 335
6 1 6 0 399
6 1 7 0 463
6 2 0 0 23
6 2 1 0 87
6 2 2 0 151
6 2 3 0 215
6 2 4 0 279
6 2 5 0 343
6 2 6 0 407
6 2 7 0 471
6 3 0 0 31
6 3 1 0 95
6 3 2 0 159
6 3 3 0 223
6 3 4 0 287
6 3 5 0 351
6 3 6 0 415
6 3 7 0 479
6 4 0 0 39
6 4 1 0 103
6 4 2 0 167
6 4 3 0 231
6 4 4 0 295
6 4 5 0 359
6 4 6 0 423
6 4 7 0 487
6 5 0 0 47
6 5 1 0 111
6 5 2 0 175
6 5 3 0 239
6 5 4 0 303
6 5 5 0 367
6 5 6 0 431
6 5 7 0 495
6 6 0 0 55
6 6 1 0 119
6 6 2 0 183
6 6 3 0 247
6 6 4 0 311
6 6 5 0 375
6 6 6 0 439
6 6 7 0 503
6 7 0 0 63
6 7 1 0 127
6 7 2 0 191
6 7 3 0 255
6 7 4 0 319
6 7 5 0 383
6 7 6 0 447
6 7 7 0 511
7 0 0 0 8
7 0 1 0 72
7 0 2 0 136
7 0 3 0 200
7 0 4 0 264
7 0 5 0 328
7 0 6 0 392
7 0 7 0 456
7 1 0 0 16
7 1 1 0 80
7 1 2 0 144
7 1 3 0 208
7 1 4 0 272
7 1 5 0 336
7 1 6 0 400
7 1 7 0 464
7 2 0 0 24
7 2 1 0 88
7 2 2 0 152
7 2 3 0 216
7 2 4 0 280
7 2 5 0 344
7 2 6 0 408
7 2 7 0 472
7 3 0 0 32
7 3 1 0 96
7 3 2 0 160
7 3 3 0 224
7 3 4 0 288
7 3 5 0 352
7 3 6 0 416
7 3 7 0 480
7 4 0 0 40
7 4 1 0 104
7 4 2 0 168
7 4 3 0 232
7 4 4 0 296
7 4 5 0 360
7 4 6 0 424
7 4 7 0 488
7 5 0 0 48
7 5 1 0 112
7 5 2 0 176
7 5 3 0 240
7 5 4 0 304
7 5 5 0 368
7 5 6 0 432
7 5 7 0 496
7 6 0 0 56
7 6 1 0 120
7 6 2 0 184
7 6 3 0 248
7 6 4 0 312
7 6 5 0 376
7 6 6 0 440
7 6 7 0 504
7 7 0 0 64
7 7 1 0 128
7 7 2 0 192
7 7 3 0 256
7 7 4 0 320
7 7 5 0 384
7 7 6 0 448
7 7 7 0 512
############################################################
